Started GET "/" for ::1 at 2017-06-07 16:17:03 -0700
Processing by Rails::WelcomeController#index as HTML
  Rendering /Users/vaot/.rvm/gems/ruby-2.4.1/gems/railties-5.1.1/lib/rails/templates/rails/welcome/index.html.erb
  Rendered /Users/vaot/.rvm/gems/ruby-2.4.1/gems/railties-5.1.1/lib/rails/templates/rails/welcome/index.html.erb (3.5ms)
Completed 200 OK in 169ms (Views: 8.6ms)


Started GET "/" for ::1 at 2017-06-07 16:17:08 -0700
Processing by Rails::WelcomeController#index as HTML
  Rendering /Users/vaot/.rvm/gems/ruby-2.4.1/gems/railties-5.1.1/lib/rails/templates/rails/welcome/index.html.erb
  Rendered /Users/vaot/.rvm/gems/ruby-2.4.1/gems/railties-5.1.1/lib/rails/templates/rails/welcome/index.html.erb (2.7ms)
Completed 200 OK in 6ms (Views: 4.3ms)


Started GET "/" for ::1 at 2017-06-07 16:22:18 -0700
Processing by WelcomeController#index as HTML
  Rendering welcome/index.html.erb within layouts/application
  Rendered welcome/index.html.erb within layouts/application (1.1ms)
Completed 200 OK in 368ms (Views: 216.4ms)


Started GET "/" for ::1 at 2017-06-07 16:22:19 -0700
Processing by WelcomeController#index as HTML
  Rendering welcome/index.html.erb within layouts/application
  Rendered welcome/index.html.erb within layouts/application (0.3ms)
Completed 200 OK in 11ms (Views: 9.6ms)


Started GET "/?name=Victor" for ::1 at 2017-06-07 16:22:27 -0700
Processing by WelcomeController#index as HTML
  Parameters: {"name"=>"Victor"}
  Rendering welcome/index.html.erb within layouts/application
  Rendered welcome/index.html.erb within layouts/application (0.4ms)
Completed 200 OK in 12ms (Views: 11.0ms)


Started GET "/?name=Victor%20Andrey" for ::1 at 2017-06-07 16:22:32 -0700
Processing by WelcomeController#index as HTML
  Parameters: {"name"=>"Victor Andrey"}
  Rendering welcome/index.html.erb within layouts/application
  Rendered welcome/index.html.erb within layouts/application (0.3ms)
Completed 200 OK in 11ms (Views: 9.9ms)


Started GET "/?name=Victor%20Andrey%20Oliveira%20Teles" for ::1 at 2017-06-07 16:22:37 -0700
Processing by WelcomeController#index as HTML
  Parameters: {"name"=>"Victor Andrey Oliveira Teles"}
  Rendering welcome/index.html.erb within layouts/application
  Rendered welcome/index.html.erb within layouts/application (0.3ms)
Completed 200 OK in 11ms (Views: 9.5ms)


Started GET "/?name=Victor%20Andrey%20Oliveira%20Teles" for ::1 at 2017-06-07 16:25:01 -0700
Processing by WelcomeController#index as HTML
  Parameters: {"name"=>"Victor Andrey Oliveira Teles"}
  Rendering welcome/index.html.erb within layouts/application
  Rendered welcome/index.html.erb within layouts/application (0.3ms)
Completed 200 OK in 31ms (Views: 29.3ms)


Started GET "/" for 127.0.0.1 at 2017-06-14 15:45:35 -0700
Processing by WelcomeController#index as HTML
  Rendering welcome/index.html.erb within layouts/application
  Rendered welcome/index.html.erb within layouts/application (1.2ms)
Completed 200 OK in 351ms (Views: 187.1ms)


